<?xml version="1.0" encoding="UTF-8"?>
<!-- Generated by org.testng.reporters.JUnitReportReporter -->
<testsuite hostname="LAPTOP-QRCNHI02" failures="0" tests="1" name="com_dol_tests.day10_dropdown_alerts_iframes_windows.CarGurusUsedCarSearchTest" time="11.937" errors="0" timestamp="2022-10-05T23:32:27 EDT" skipped="0">
  <testcase classname="com_dol_tests.day10_dropdown_alerts_iframes_windows.CarGurusUsedCarSearchTest" name="searchForMinivan" time="11.937"/>
  <system-out/>
</testsuite> <!-- com_dol_tests.day10_dropdown_alerts_iframes_windows.CarGurusUsedCarSearchTest -->
