<?xml version="1.0" encoding="UTF-8"?>
<!-- Generated by org.testng.reporters.JUnitReportReporter -->
<testsuite hostname="LAPTOP-QRCNHI02" failures="0" tests="2" name="com_dol_tests.day09_testng_dropdowns.TestNGIntro" time="0.000" errors="0" timestamp="2022-10-05T23:32:27 EDT" skipped="0">
  <testcase classname="com_dol_tests.day09_testng_dropdowns.TestNGIntro" name="test1" time="0.000"/>
  <system-out/>
  <testcase classname="com_dol_tests.day09_testng_dropdowns.TestNGIntro" name="myTest2" time="0.000"/>
  <system-out/>
</testsuite> <!-- com_dol_tests.day09_testng_dropdowns.TestNGIntro -->
