<?xml version="1.0" encoding="UTF-8"?>
<!-- Generated by org.testng.reporters.JUnitReportReporter -->
<testsuite hostname="LAPTOP-QRCNHI02" failures="0" tests="2" name="com_dol_tests.day09_testng_dropdowns.DropDownTest" time="10.711" errors="0" timestamp="2022-10-05T23:32:27 EDT" skipped="0">
  <testcase classname="com_dol_tests.day09_testng_dropdowns.DropDownTest" name="simpleDropDownTest" time="7.705"/>
  <system-out/>
  <testcase classname="com_dol_tests.day09_testng_dropdowns.DropDownTest" name="titleTest" time="3.006"/>
  <system-out/>
</testsuite> <!-- com_dol_tests.day09_testng_dropdowns.DropDownTest -->
